#
# There is insufficient memory for the Java Runtime Environment to continue.
# Native memory allocation (malloc) failed to allocate 971216 bytes for Chunk::new
# Possible reasons:
#   The system is out of physical RAM or swap space
#   The process is running with CompressedOops enabled, and the Java Heap may be blocking the growth of the native heap
# Possible solutions:
#   Reduce memory load on the system
#   Increase physical memory or swap space
#   Check if swap backing store is full
#   Decrease Java heap size (-Xmx/-Xms)
#   Decrease number of Java threads
#   Decrease Java thread stack sizes (-Xss)
#   Set larger code cache with -XX:ReservedCodeCacheSize=
#   JVM is running with Unscaled Compressed Oops mode in which the Java heap is
#     placed in the first 4GB address space. The Java Heap base address is the
#     maximum limit for the native heap growth. Please use -XX:HeapBaseMinAddress
#     to set the Java Heap base and to place the Java Heap above 4GB virtual address.
# This output file may be truncated or incomplete.
#
#  Out of Memory Error (arena.cpp:189), pid=13952, tid=13920
#
# JRE version: OpenJDK Runtime Environment Temurin-17.0.8.1+1 (17.0.8.1+1) (build 17.0.8.1+1)
# Java VM: OpenJDK 64-Bit Server VM Temurin-17.0.8.1+1 (17.0.8.1+1, mixed mode, tiered, compressed oops, compressed class ptrs, parallel gc, windows-amd64)
# No core dump will be written. Minidumps are not enabled by default on client versions of Windows
#

---------------  S U M M A R Y ------------

Command Line: --add-modules=ALL-SYSTEM --add-opens=java.base/java.util=ALL-UNNAMED --add-opens=java.base/java.lang=ALL-UNNAMED --add-opens=java.base/sun.nio.fs=ALL-UNNAMED -Declipse.application=org.eclipse.jdt.ls.core.id1 -Dosgi.bundles.defaultStartLevel=4 -Declipse.product=org.eclipse.jdt.ls.core.product -Djava.import.generatesMetadataFilesAtProjectRoot=false -DDetectVMInstallationsJob.disabled=true -Dfile.encoding=utf8 -XX:+UseParallelGC -XX:GCTimeRatio=4 -XX:AdaptiveSizePolicyWeight=90 -Dsun.zip.disableMemoryMapping=true -Xmx1G -Xms100m -Xlog:disable -javaagent:c:\Users\msuwone\.vscode\extensions\redhat.java-1.24.0-win32-x64\lombok\lombok-1.18.30.jar c:\Users\msuwone\.vscode\extensions\redhat.java-1.24.0-win32-x64\server\plugins\org.eclipse.equinox.launcher_1.6.500.v20230717-2134.jar -configuration c:\Users\msuwone\AppData\Roaming\Code\User\globalStorage\redhat.java\1.24.0\config_ss_win -data c:\Users\msuwone\AppData\Roaming\Code\User\workspaceStorage\ce6d7336b18b35ef4157fc245e235040\redhat.java\ss_ws --stdio

Host: Intel(R) Core(TM) i5-10210U CPU @ 1.60GHz, 8 cores, 7G,  Windows 11 , 64 bit Build 22621 (10.0.22621.2428)
Time: Sun Nov  5 22:23:57 2023 Malay Peninsula Standard Time elapsed time: 6.149964 seconds (0d 0h 0m 6s)

---------------  T H R E A D  ---------------

Current thread (0x000001e31ae8a930):  JavaThread "C2 CompilerThread2" daemon [_thread_in_native, id=13920, stack(0x0000000f6e900000,0x0000000f6ea00000)]


Current CompileTask:
C2:   6150 3365       4       jdk.internal.jrtfs.JrtFileSystem::checkNode (40 bytes)

Stack: [0x0000000f6e900000,0x0000000f6ea00000]
Native frames: (J=compiled Java code, j=interpreted, Vv=VM code, C=native code)
V  [jvm.dll+0x678b0a]
V  [jvm.dll+0x835e84]
V  [jvm.dll+0x83762e]
V  [jvm.dll+0x837c93]
V  [jvm.dll+0x24746f]
V  [jvm.dll+0xac20c]
V  [jvm.dll+0xac7dc]
V  [jvm.dll+0x365c52]
V  [jvm.dll+0x3301a1]
V  [jvm.dll+0x32f64a]
V  [jvm.dll+0x219bf1]
V  [jvm.dll+0x219011]
V  [jvm.dll+0x1a534d]
V  [jvm.dll+0x228d8a]
V  [jvm.dll+0x226dcc]
V  [jvm.dll+0x7ec09b]
V  [jvm.dll+0x7e64ca]
V  [jvm.dll+0x677955]
C  [ucrtbase.dll+0x29363]
C  [KERNEL32.DLL+0x1257d]
C  [ntdll.dll+0x5aa78]


---------------  P R O C E S S  ---------------

Threads class SMR info:
_java_thread_list=0x000001e31aa3cd70, length=26, elements={
0x000001e37f8da1a0, 0x000001e37fb81020, 0x000001e37fb82550, 0x000001e37fb8adb0,
0x000001e37fb8b8e0, 0x000001e37fb8ce10, 0x000001e37fb8e950, 0x000001e318c22b80,
0x000001e318c254a0, 0x000001e318c27dc0, 0x000001e318cf9000, 0x000001e319de7fb0,
0x000001e31a6c09b0, 0x000001e31a60cfe0, 0x000001e31a8147a0, 0x000001e31a97ea20,
0x000001e31a814050, 0x000001e31a79c450, 0x000001e31a79dda0, 0x000001e31a79d890,
0x000001e31a79e2b0, 0x000001e31a79bf40, 0x000001e31ad0d090, 0x000001e31a79ecd0,
0x000001e31a79d380, 0x000001e31ae8a930
}

Java Threads: ( => current thread )
  0x000001e37f8da1a0 JavaThread "main" [_thread_blocked, id=16484, stack(0x0000000f6c400000,0x0000000f6c500000)]
  0x000001e37fb81020 JavaThread "Reference Handler" daemon [_thread_blocked, id=9248, stack(0x0000000f6c700000,0x0000000f6c800000)]
  0x000001e37fb82550 JavaThread "Finalizer" daemon [_thread_blocked, id=15912, stack(0x0000000f6c800000,0x0000000f6c900000)]
  0x000001e37fb8adb0 JavaThread "Signal Dispatcher" daemon [_thread_blocked, id=19208, stack(0x0000000f6c900000,0x0000000f6ca00000)]
  0x000001e37fb8b8e0 JavaThread "Attach Listener" daemon [_thread_blocked, id=16188, stack(0x0000000f6ca00000,0x0000000f6cb00000)]
  0x000001e37fb8ce10 JavaThread "Service Thread" daemon [_thread_blocked, id=9744, stack(0x0000000f6cb00000,0x0000000f6cc00000)]
  0x000001e37fb8e950 JavaThread "Monitor Deflation Thread" daemon [_thread_blocked, id=17328, stack(0x0000000f6cc00000,0x0000000f6cd00000)]
  0x000001e318c22b80 JavaThread "C2 CompilerThread0" daemon [_thread_in_native, id=6672, stack(0x0000000f6cd00000,0x0000000f6ce00000)]
  0x000001e318c254a0 JavaThread "C1 CompilerThread0" daemon [_thread_blocked, id=17724, stack(0x0000000f6ce00000,0x0000000f6cf00000)]
  0x000001e318c27dc0 JavaThread "Sweeper thread" daemon [_thread_blocked, id=12640, stack(0x0000000f6cf00000,0x0000000f6d000000)]
  0x000001e318cf9000 JavaThread "Common-Cleaner" daemon [_thread_blocked, id=7356, stack(0x0000000f6d000000,0x0000000f6d100000)]
  0x000001e319de7fb0 JavaThread "Notification Thread" daemon [_thread_blocked, id=18524, stack(0x0000000f6d200000,0x0000000f6d300000)]
  0x000001e31a6c09b0 JavaThread "Active Thread: Equinox Container: f6fa8b71-906f-4353-8563-9111187a63d2" [_thread_blocked, id=16192, stack(0x0000000f6da00000,0x0000000f6db00000)]
  0x000001e31a60cfe0 JavaThread "Framework Event Dispatcher: Equinox Container: f6fa8b71-906f-4353-8563-9111187a63d2" daemon [_thread_blocked, id=9264, stack(0x0000000f6db00000,0x0000000f6dc00000)]
  0x000001e31a8147a0 JavaThread "Start Level: Equinox Container: f6fa8b71-906f-4353-8563-9111187a63d2" daemon [_thread_blocked, id=16136, stack(0x0000000f6dc00000,0x0000000f6dd00000)]
  0x000001e31a97ea20 JavaThread "SCR Component Actor" daemon [_thread_blocked, id=11060, stack(0x0000000f6dd00000,0x0000000f6de00000)]
  0x000001e31a814050 JavaThread "SCR Component Registry" daemon [_thread_blocked, id=1016, stack(0x0000000f6d100000,0x0000000f6d200000)]
  0x000001e31a79c450 JavaThread "Worker-JM" [_thread_blocked, id=12216, stack(0x0000000f6df00000,0x0000000f6e000000)]
  0x000001e31a79dda0 JavaThread "Worker-0: Initialize Workspace" [_thread_in_Java, id=15948, stack(0x0000000f6e000000,0x0000000f6e100000)]
  0x000001e31a79d890 JavaThread "Worker-1" [_thread_blocked, id=15952, stack(0x0000000f6e100000,0x0000000f6e200000)]
  0x000001e31a79e2b0 JavaThread "JNA Cleaner" daemon [_thread_blocked, id=14576, stack(0x0000000f6e300000,0x0000000f6e400000)]
  0x000001e31a79bf40 JavaThread "pool-2-thread-1" [_thread_blocked, id=14556, stack(0x0000000f6e600000,0x0000000f6e700000)]
  0x000001e31ad0d090 JavaThread "C2 CompilerThread1" daemon [_thread_in_native, id=5044, stack(0x0000000f6e200000,0x0000000f6e300000)]
  0x000001e31a79ecd0 JavaThread "WorkspaceEventsHandler" [_thread_blocked, id=15368, stack(0x0000000f6e700000,0x0000000f6e800000)]
  0x000001e31a79d380 JavaThread "pool-1-thread-1" [_thread_blocked, id=19128, stack(0x0000000f6e800000,0x0000000f6e900000)]
=>0x000001e31ae8a930 JavaThread "C2 CompilerThread2" daemon [_thread_in_native, id=13920, stack(0x0000000f6e900000,0x0000000f6ea00000)]

Other Threads:
  0x000001e318bf14b0 VMThread "VM Thread" [stack: 0x0000000f6c600000,0x0000000f6c700000] [id=16852]
  0x000001e318efd8f0 WatcherThread [stack: 0x0000000f6d300000,0x0000000f6d400000] [id=10172]
  0x000001e37f8ef9e0 GCTaskThread "GC Thread#0" [stack: 0x0000000f6c500000,0x0000000f6c600000] [id=8484]
  0x000001e31a045160 GCTaskThread "GC Thread#1" [stack: 0x0000000f6d400000,0x0000000f6d500000] [id=17956]
  0x000001e31a045420 GCTaskThread "GC Thread#2" [stack: 0x0000000f6d500000,0x0000000f6d600000] [id=18964]
  0x000001e31a83c050 GCTaskThread "GC Thread#3" [stack: 0x0000000f6d600000,0x0000000f6d700000] [id=18880]
  0x000001e31a83c720 GCTaskThread "GC Thread#4" [stack: 0x0000000f6d700000,0x0000000f6d800000] [id=18916]
  0x000001e31a83c9e0 GCTaskThread "GC Thread#5" [stack: 0x0000000f6d800000,0x0000000f6d900000] [id=1548]
  0x000001e31a5ae610 GCTaskThread "GC Thread#6" [stack: 0x0000000f6d900000,0x0000000f6da00000] [id=15288]
  0x000001e31a615da0 GCTaskThread "GC Thread#7" [stack: 0x0000000f6de00000,0x0000000f6df00000] [id=18596]

Threads with active compile tasks:
C2 CompilerThread0     6187 3432       4       jdk.internal.jimage.ImageReader$SharedImageReader::makeDirectories (54 bytes)
C2 CompilerThread1     6187 3400  s    4       jdk.internal.jimage.ImageReader$SharedImageReader::findNode (36 bytes)
C2 CompilerThread2     6187 3365       4       jdk.internal.jrtfs.JrtFileSystem::checkNode (40 bytes)

VM state: not at safepoint (normal execution)

VM Mutex/Monitor currently owned by a thread: None

Heap address: 0x00000000c0000000, size: 1024 MB, Compressed Oops mode: 32-bit

CDS archive(s) not mapped
Compressed class space mapped at: 0x0000000100000000-0x0000000140000000, reserved size: 1073741824
Narrow klass base: 0x0000000000000000, Narrow klass shift: 3, Narrow klass range: 0x140000000

GC Precious Log:
 CPUs: 8 total, 8 available
 Memory: 7952M
 Large Page Support: Disabled
 NUMA Support: Disabled
 Compressed Oops: Enabled (32-bit)
 Alignments: Space 512K, Generation 512K, Heap 2M
 Heap Min Capacity: 100M
 Heap Initial Capacity: 100M
 Heap Max Capacity: 1G
 Pre-touch: Disabled
 Parallel Workers: 8

Heap:
 PSYoungGen      total 25600K, used 8062K [0x00000000eab00000, 0x00000000ec700000, 0x0000000100000000)
  eden space 23552K, 25% used [0x00000000eab00000,0x00000000eb0e7818,0x00000000ec200000)
  from space 2048K, 98% used [0x00000000ec380000,0x00000000ec578020,0x00000000ec580000)
  to   space 1536K, 0% used [0x00000000ec580000,0x00000000ec580000,0x00000000ec700000)
 ParOldGen       total 68608K, used 11007K [0x00000000c0000000, 0x00000000c4300000, 0x00000000eab00000)
  object space 68608K, 16% used [0x00000000c0000000,0x00000000c0abfd38,0x00000000c4300000)
 Metaspace       used 36505K, committed 37184K, reserved 1114112K
  class space    used 3719K, committed 4032K, reserved 1048576K

Card table byte_map: [0x000001e37f2a0000,0x000001e37f4b0000] _byte_map_base: 0x000001e37eca0000

Marking Bits: (ParMarkBitMap*) 0x00007ffe1cec83a0
 Begin Bits: [0x000001e311bc0000, 0x000001e312bc0000)
 End Bits:   [0x000001e312bc0000, 0x000001e313bc0000)

Polling page: 0x000001e37f090000

Metaspace:

Usage:
  Non-class:     32.02 MB used.
      Class:      3.63 MB used.
       Both:     35.65 MB used.

Virtual space:
  Non-class space:       64.00 MB reserved,      32.38 MB ( 51%) committed,  1 nodes.
      Class space:        1.00 GB reserved,       3.94 MB ( <1%) committed,  1 nodes.
             Both:        1.06 GB reserved,      36.31 MB (  3%) committed. 

Chunk freelists:
   Non-Class:  15.50 MB
       Class:  11.94 MB
        Both:  27.44 MB

MaxMetaspaceSize: unlimited
CompressedClassSpaceSize: 1.00 GB
Initial GC threshold: 21.00 MB
Current GC threshold: 58.38 MB
CDS: off
MetaspaceReclaimPolicy: balanced
 - commit_granule_bytes: 65536.
 - commit_granule_words: 8192.
 - virtual_space_node_default_size: 8388608.
 - enlarge_chunks_in_place: 1.
 - new_chunks_are_fully_committed: 0.
 - uncommit_free_chunks: 1.
 - use_allocation_guard: 0.
 - handle_deallocations: 1.


Internal statistics:

num_allocs_failed_limit: 6.
num_arena_births: 358.
num_arena_deaths: 14.
num_vsnodes_births: 2.
num_vsnodes_deaths: 0.
num_space_committed: 581.
num_space_uncommitted: 0.
num_chunks_returned_to_freelist: 20.
num_chunks_taken_from_freelist: 1474.
num_chunk_merges: 7.
num_chunk_splits: 968.
num_chunks_enlarged: 647.
num_inconsistent_stats: 0.

CodeHeap 'non-profiled nmethods': size=120000Kb used=1527Kb max_used=1527Kb free=118472Kb
 bounds [0x000001e30a690000, 0x000001e30a900000, 0x000001e311bc0000]
CodeHeap 'profiled nmethods': size=120000Kb used=6861Kb max_used=6861Kb free=113138Kb
 bounds [0x000001e302bc0000, 0x000001e303280000, 0x000001e30a0f0000]
CodeHeap 'non-nmethods': size=5760Kb used=1273Kb max_used=1316Kb free=4486Kb
 bounds [0x000001e30a0f0000, 0x000001e30a360000, 0x000001e30a690000]
 total_blobs=4021 nmethods=3427 adapters=508
 compilation: enabled
              stopped_count=0, restarted_count=0
 full_count=0

Compilation events (20 events):
Event: 6.120 Thread 0x000001e318c254a0 nmethod 3394 0x000001e303265690 code [0x000001e303265840, 0x000001e303265af8]
Event: 6.123 Thread 0x000001e318c254a0 3397       3       jdk.internal.jimage.ImageReader$SharedImageReader::visitLocation (73 bytes)
Event: 6.124 Thread 0x000001e318c254a0 nmethod 3397 0x000001e303265c10 code [0x000001e303265ea0, 0x000001e303266bd8]
Event: 6.132 Thread 0x000001e31ad0d090 nmethod 3313 0x000001e30a800010 code [0x000001e30a800460, 0x000001e30a804b80]
Event: 6.132 Thread 0x000001e31ad0d090 3395       4       java.util.HashMap::getNode (150 bytes)
Event: 6.134 Thread 0x000001e318c22b80 nmethod 3390 0x000001e30a807690 code [0x000001e30a807860, 0x000001e30a808110]
Event: 6.134 Thread 0x000001e318c22b80 3396       4       java.util.HashMap::get (19 bytes)
Event: 6.139 Thread 0x000001e31ad0d090 nmethod 3395 0x000001e30a808710 code [0x000001e30a8088c0, 0x000001e30a808f18]
Event: 6.139 Thread 0x000001e31ad0d090 3400  s    4       jdk.internal.jimage.ImageReader$SharedImageReader::findNode (36 bytes)
Event: 6.142 Thread 0x000001e318c254a0 3403       3       org.eclipse.jdt.internal.compiler.util.JRTUtil::sanitizedFileName (49 bytes)
Event: 6.143 Thread 0x000001e318c254a0 nmethod 3403 0x000001e303267110 code [0x000001e303267380, 0x000001e303267e68]
Event: 6.143 Thread 0x000001e318c254a0 3404   !   3       java.nio.file.FileTreeWalker::pop (35 bytes)
Event: 6.143 Thread 0x000001e318c22b80 nmethod 3396 0x000001e30a809290 code [0x000001e30a809440, 0x000001e30a809a78]
Event: 6.143 Thread 0x000001e318c22b80 3399       4       org.eclipse.jdt.internal.core.util.Util::splitOn (134 bytes)
Event: 6.144 Thread 0x000001e318c254a0 nmethod 3404 0x000001e303268290 code [0x000001e3032684a0, 0x000001e303268ae8]
Event: 6.144 Thread 0x000001e318c254a0 3405       1       org.eclipse.jdt.internal.core.JavaElement::getParent (5 bytes)
Event: 6.144 Thread 0x000001e318c254a0 nmethod 3405 0x000001e30a809e10 code [0x000001e30a809fa0, 0x000001e30a80a078]
Event: 6.146 Thread 0x000001e318c254a0 3406       3       jdk.internal.misc.VM::isSystemDomainLoader (17 bytes)
Event: 6.146 Thread 0x000001e318c254a0 nmethod 3406 0x000001e303268d90 code [0x000001e303268fe0, 0x000001e303269ab8]
Event: 6.148 Thread 0x000001e318c254a0 3407       3       org.eclipse.core.internal.registry.ReferenceMap::newEntry (62 bytes)

GC Heap History (20 events):
Event: 1.387 GC heap before
{Heap before GC invocations=1 (full 0):
 PSYoungGen      total 29696K, used 25600K [0x00000000eab00000, 0x00000000ecc00000, 0x0000000100000000)
  eden space 25600K, 100% used [0x00000000eab00000,0x00000000ec400000,0x00000000ec400000)
  from space 4096K, 0% used [0x00000000ec800000,0x00000000ec800000,0x00000000ecc00000)
  to   space 4096K, 0% used [0x00000000ec400000,0x00000000ec400000,0x00000000ec800000)
 ParOldGen       total 68608K, used 0K [0x00000000c0000000, 0x00000000c4300000, 0x00000000eab00000)
  object space 68608K, 0% used [0x00000000c0000000,0x00000000c0000000,0x00000000c4300000)
 Metaspace       used 11012K, committed 11200K, reserved 1114112K
  class space    used 1098K, committed 1216K, reserved 1048576K
}
Event: 1.395 GC heap after
{Heap after GC invocations=1 (full 0):
 PSYoungGen      total 29696K, used 3155K [0x00000000eab00000, 0x00000000ecc00000, 0x0000000100000000)
  eden space 25600K, 0% used [0x00000000eab00000,0x00000000eab00000,0x00000000ec400000)
  from space 4096K, 77% used [0x00000000ec400000,0x00000000ec714c18,0x00000000ec800000)
  to   space 4096K, 0% used [0x00000000ec800000,0x00000000ec800000,0x00000000ecc00000)
 ParOldGen       total 68608K, used 16K [0x00000000c0000000, 0x00000000c4300000, 0x00000000eab00000)
  object space 68608K, 0% used [0x00000000c0000000,0x00000000c0004000,0x00000000c4300000)
 Metaspace       used 11012K, committed 11200K, reserved 1114112K
  class space    used 1098K, committed 1216K, reserved 1048576K
}
Event: 2.198 GC heap before
{Heap before GC invocations=2 (full 0):
 PSYoungGen      total 29696K, used 28755K [0x00000000eab00000, 0x00000000ecc00000, 0x0000000100000000)
  eden space 25600K, 100% used [0x00000000eab00000,0x00000000ec400000,0x00000000ec400000)
  from space 4096K, 77% used [0x00000000ec400000,0x00000000ec714c18,0x00000000ec800000)
  to   space 4096K, 0% used [0x00000000ec800000,0x00000000ec800000,0x00000000ecc00000)
 ParOldGen       total 68608K, used 16K [0x00000000c0000000, 0x00000000c4300000, 0x00000000eab00000)
  object space 68608K, 0% used [0x00000000c0000000,0x00000000c0004000,0x00000000c4300000)
 Metaspace       used 15154K, committed 15424K, reserved 1114112K
  class space    used 1541K, committed 1664K, reserved 1048576K
}
Event: 2.204 GC heap after
{Heap after GC invocations=2 (full 0):
 PSYoungGen      total 29696K, used 4066K [0x00000000eab00000, 0x00000000ecc00000, 0x0000000100000000)
  eden space 25600K, 0% used [0x00000000eab00000,0x00000000eab00000,0x00000000ec400000)
  from space 4096K, 99% used [0x00000000ec800000,0x00000000ecbf88d8,0x00000000ecc00000)
  to   space 4096K, 0% used [0x00000000ec400000,0x00000000ec400000,0x00000000ec800000)
 ParOldGen       total 68608K, used 734K [0x00000000c0000000, 0x00000000c4300000, 0x00000000eab00000)
  object space 68608K, 1% used [0x00000000c0000000,0x00000000c00b7b50,0x00000000c4300000)
 Metaspace       used 15154K, committed 15424K, reserved 1114112K
  class space    used 1541K, committed 1664K, reserved 1048576K
}
Event: 3.011 GC heap before
{Heap before GC invocations=3 (full 0):
 PSYoungGen      total 29696K, used 29666K [0x00000000eab00000, 0x00000000ecc00000, 0x0000000100000000)
  eden space 25600K, 100% used [0x00000000eab00000,0x00000000ec400000,0x00000000ec400000)
  from space 4096K, 99% used [0x00000000ec800000,0x00000000ecbf88d8,0x00000000ecc00000)
  to   space 4096K, 0% used [0x00000000ec400000,0x00000000ec400000,0x00000000ec800000)
 ParOldGen       total 68608K, used 734K [0x00000000c0000000, 0x00000000c4300000, 0x00000000eab00000)
  object space 68608K, 1% used [0x00000000c0000000,0x00000000c00b7b50,0x00000000c4300000)
 Metaspace       used 20114K, committed 20480K, reserved 1114112K
  class space    used 2049K, committed 2176K, reserved 1048576K
}
Event: 3.016 GC heap after
{Heap after GC invocations=3 (full 0):
 PSYoungGen      total 29696K, used 4071K [0x00000000eab00000, 0x00000000ecc00000, 0x0000000100000000)
  eden space 25600K, 0% used [0x00000000eab00000,0x00000000eab00000,0x00000000ec400000)
  from space 4096K, 99% used [0x00000000ec400000,0x00000000ec7f9f28,0x00000000ec800000)
  to   space 4096K, 0% used [0x00000000ec800000,0x00000000ec800000,0x00000000ecc00000)
 ParOldGen       total 68608K, used 2800K [0x00000000c0000000, 0x00000000c4300000, 0x00000000eab00000)
  object space 68608K, 4% used [0x00000000c0000000,0x00000000c02bc098,0x00000000c4300000)
 Metaspace       used 20114K, committed 20480K, reserved 1114112K
  class space    used 2049K, committed 2176K, reserved 1048576K
}
Event: 3.250 GC heap before
{Heap before GC invocations=4 (full 0):
 PSYoungGen      total 29696K, used 10254K [0x00000000eab00000, 0x00000000ecc00000, 0x0000000100000000)
  eden space 25600K, 24% used [0x00000000eab00000,0x00000000eb109c88,0x00000000ec400000)
  from space 4096K, 99% used [0x00000000ec400000,0x00000000ec7f9f28,0x00000000ec800000)
  to   space 4096K, 0% used [0x00000000ec800000,0x00000000ec800000,0x00000000ecc00000)
 ParOldGen       total 68608K, used 2800K [0x00000000c0000000, 0x00000000c4300000, 0x00000000eab00000)
  object space 68608K, 4% used [0x00000000c0000000,0x00000000c02bc098,0x00000000c4300000)
 Metaspace       used 21090K, committed 21504K, reserved 1114112K
  class space    used 2165K, committed 2368K, reserved 1048576K
}
Event: 3.253 GC heap after
{Heap after GC invocations=4 (full 0):
 PSYoungGen      total 29696K, used 4070K [0x00000000eab00000, 0x00000000ecc00000, 0x0000000100000000)
  eden space 25600K, 0% used [0x00000000eab00000,0x00000000eab00000,0x00000000ec400000)
  from space 4096K, 99% used [0x00000000ec800000,0x00000000ecbf9a10,0x00000000ecc00000)
  to   space 4096K, 0% used [0x00000000ec400000,0x00000000ec400000,0x00000000ec800000)
 ParOldGen       total 68608K, used 3036K [0x00000000c0000000, 0x00000000c4300000, 0x00000000eab00000)
  object space 68608K, 4% used [0x00000000c0000000,0x00000000c02f7288,0x00000000c4300000)
 Metaspace       used 21090K, committed 21504K, reserved 1114112K
  class space    used 2165K, committed 2368K, reserved 1048576K
}
Event: 3.253 GC heap before
{Heap before GC invocations=5 (full 1):
 PSYoungGen      total 29696K, used 4070K [0x00000000eab00000, 0x00000000ecc00000, 0x0000000100000000)
  eden space 25600K, 0% used [0x00000000eab00000,0x00000000eab00000,0x00000000ec400000)
  from space 4096K, 99% used [0x00000000ec800000,0x00000000ecbf9a10,0x00000000ecc00000)
  to   space 4096K, 0% used [0x00000000ec400000,0x00000000ec400000,0x00000000ec800000)
 ParOldGen       total 68608K, used 3036K [0x00000000c0000000, 0x00000000c4300000, 0x00000000eab00000)
  object space 68608K, 4% used [0x00000000c0000000,0x00000000c02f7288,0x00000000c4300000)
 Metaspace       used 21090K, committed 21504K, reserved 1114112K
  class space    used 2165K, committed 2368K, reserved 1048576K
}
Event: 3.280 GC heap after
{Heap after GC invocations=5 (full 1):
 PSYoungGen      total 29696K, used 0K [0x00000000eab00000, 0x00000000ecc00000, 0x0000000100000000)
  eden space 25600K, 0% used [0x00000000eab00000,0x00000000eab00000,0x00000000ec400000)
  from space 4096K, 0% used [0x00000000ec800000,0x00000000ec800000,0x00000000ecc00000)
  to   space 4096K, 0% used [0x00000000ec400000,0x00000000ec400000,0x00000000ec800000)
 ParOldGen       total 68608K, used 6877K [0x00000000c0000000, 0x00000000c4300000, 0x00000000eab00000)
  object space 68608K, 10% used [0x00000000c0000000,0x00000000c06b74e8,0x00000000c4300000)
 Metaspace       used 21077K, committed 21504K, reserved 1114112K
  class space    used 2161K, committed 2368K, reserved 1048576K
}
Event: 3.698 GC heap before
{Heap before GC invocations=6 (full 1):
 PSYoungGen      total 29696K, used 25600K [0x00000000eab00000, 0x00000000ecc00000, 0x0000000100000000)
  eden space 25600K, 100% used [0x00000000eab00000,0x00000000ec400000,0x00000000ec400000)
  from space 4096K, 0% used [0x00000000ec800000,0x00000000ec800000,0x00000000ecc00000)
  to   space 4096K, 0% used [0x00000000ec400000,0x00000000ec400000,0x00000000ec800000)
 ParOldGen       total 68608K, used 6877K [0x00000000c0000000, 0x00000000c4300000, 0x00000000eab00000)
  object space 68608K, 10% used [0x00000000c0000000,0x00000000c06b74e8,0x00000000c4300000)
 Metaspace       used 24652K, committed 25152K, reserved 1114112K
  class space    used 2422K, committed 2624K, reserved 1048576K
}
Event: 3.699 GC heap after
{Heap after GC invocations=6 (full 1):
 PSYoungGen      total 25600K, used 448K [0x00000000eab00000, 0x00000000ec880000, 0x0000000100000000)
  eden space 25088K, 0% used [0x00000000eab00000,0x00000000eab00000,0x00000000ec380000)
  from space 512K, 87% used [0x00000000ec400000,0x00000000ec470380,0x00000000ec480000)
  to   space 2048K, 0% used [0x00000000ec680000,0x00000000ec680000,0x00000000ec880000)
 ParOldGen       total 68608K, used 6885K [0x00000000c0000000, 0x00000000c4300000, 0x00000000eab00000)
  object space 68608K, 10% used [0x00000000c0000000,0x00000000c06b94e8,0x00000000c4300000)
 Metaspace       used 24652K, committed 25152K, reserved 1114112K
  class space    used 2422K, committed 2624K, reserved 1048576K
}
Event: 4.587 GC heap before
{Heap before GC invocations=7 (full 1):
 PSYoungGen      total 25600K, used 25536K [0x00000000eab00000, 0x00000000ec880000, 0x0000000100000000)
  eden space 25088K, 100% used [0x00000000eab00000,0x00000000ec380000,0x00000000ec380000)
  from space 512K, 87% used [0x00000000ec400000,0x00000000ec470380,0x00000000ec480000)
  to   space 2048K, 0% used [0x00000000ec680000,0x00000000ec680000,0x00000000ec880000)
 ParOldGen       total 68608K, used 6885K [0x00000000c0000000, 0x00000000c4300000, 0x00000000eab00000)
  object space 68608K, 10% used [0x00000000c0000000,0x00000000c06b94e8,0x00000000c4300000)
 Metaspace       used 27440K, committed 27968K, reserved 1114112K
  class space    used 2653K, committed 2880K, reserved 1048576K
}
Event: 4.587 GC heap after
{Heap after GC invocations=7 (full 1):
 PSYoungGen      total 26112K, used 1056K [0x00000000eab00000, 0x00000000ec800000, 0x0000000100000000)
  eden space 24576K, 0% used [0x00000000eab00000,0x00000000eab00000,0x00000000ec300000)
  from space 1536K, 68% used [0x00000000ec680000,0x00000000ec7882d0,0x00000000ec800000)
  to   space 1536K, 0% used [0x00000000ec500000,0x00000000ec500000,0x00000000ec680000)
 ParOldGen       total 68608K, used 6893K [0x00000000c0000000, 0x00000000c4300000, 0x00000000eab00000)
  object space 68608K, 10% used [0x00000000c0000000,0x00000000c06bb4e8,0x00000000c4300000)
 Metaspace       used 27440K, committed 27968K, reserved 1114112K
  class space    used 2653K, committed 2880K, reserved 1048576K
}
Event: 5.342 GC heap before
{Heap before GC invocations=8 (full 1):
 PSYoungGen      total 26112K, used 25632K [0x00000000eab00000, 0x00000000ec800000, 0x0000000100000000)
  eden space 24576K, 100% used [0x00000000eab00000,0x00000000ec300000,0x00000000ec300000)
  from space 1536K, 68% used [0x00000000ec680000,0x00000000ec7882d0,0x00000000ec800000)
  to   space 1536K, 0% used [0x00000000ec500000,0x00000000ec500000,0x00000000ec680000)
 ParOldGen       total 68608K, used 6893K [0x00000000c0000000, 0x00000000c4300000, 0x00000000eab00000)
  object space 68608K, 10% used [0x00000000c0000000,0x00000000c06bb4e8,0x00000000c4300000)
 Metaspace       used 32149K, committed 32832K, reserved 1114112K
  class space    used 3186K, committed 3456K, reserved 1048576K
}
Event: 5.345 GC heap after
{Heap after GC invocations=8 (full 1):
 PSYoungGen      total 25600K, used 1534K [0x00000000eab00000, 0x00000000ec980000, 0x0000000100000000)
  eden space 24064K, 0% used [0x00000000eab00000,0x00000000eab00000,0x00000000ec280000)
  from space 1536K, 99% used [0x00000000ec500000,0x00000000ec67faa8,0x00000000ec680000)
  to   space 3072K, 0% used [0x00000000ec680000,0x00000000ec680000,0x00000000ec980000)
 ParOldGen       total 68608K, used 8384K [0x00000000c0000000, 0x00000000c4300000, 0x00000000eab00000)
  object space 68608K, 12% used [0x00000000c0000000,0x00000000c0830350,0x00000000c4300000)
 Metaspace       used 32149K, committed 32832K, reserved 1114112K
  class space    used 3186K, committed 3456K, reserved 1048576K
}
Event: 5.759 GC heap before
{Heap before GC invocations=9 (full 1):
 PSYoungGen      total 25600K, used 19588K [0x00000000eab00000, 0x00000000ec980000, 0x0000000100000000)
  eden space 24064K, 75% used [0x00000000eab00000,0x00000000ebca1728,0x00000000ec280000)
  from space 1536K, 99% used [0x00000000ec500000,0x00000000ec67faa8,0x00000000ec680000)
  to   space 3072K, 0% used [0x00000000ec680000,0x00000000ec680000,0x00000000ec980000)
 ParOldGen       total 68608K, used 8384K [0x00000000c0000000, 0x00000000c4300000, 0x00000000eab00000)
  object space 68608K, 12% used [0x00000000c0000000,0x00000000c0830350,0x00000000c4300000)
 Metaspace       used 35177K, committed 35840K, reserved 1114112K
  class space    used 3565K, committed 3840K, reserved 1048576K
}
Event: 5.762 GC heap after
{Heap after GC invocations=9 (full 1):
 PSYoungGen      total 27136K, used 2894K [0x00000000eab00000, 0x00000000ec980000, 0x0000000100000000)
  eden space 24064K, 0% used [0x00000000eab00000,0x00000000eab00000,0x00000000ec280000)
  from space 3072K, 94% used [0x00000000ec680000,0x00000000ec953bf8,0x00000000ec980000)
  to   space 3072K, 0% used [0x00000000ec380000,0x00000000ec380000,0x00000000ec680000)
 ParOldGen       total 68608K, used 8392K [0x00000000c0000000, 0x00000000c4300000, 0x00000000eab00000)
  object space 68608K, 12% used [0x00000000c0000000,0x00000000c0832350,0x00000000c4300000)
 Metaspace       used 35177K, committed 35840K, reserved 1114112K
  class space    used 3565K, committed 3840K, reserved 1048576K
}
Event: 5.762 GC heap before
{Heap before GC invocations=10 (full 2):
 PSYoungGen      total 27136K, used 2894K [0x00000000eab00000, 0x00000000ec980000, 0x0000000100000000)
  eden space 24064K, 0% used [0x00000000eab00000,0x00000000eab00000,0x00000000ec280000)
  from space 3072K, 94% used [0x00000000ec680000,0x00000000ec953bf8,0x00000000ec980000)
  to   space 3072K, 0% used [0x00000000ec380000,0x00000000ec380000,0x00000000ec680000)
 ParOldGen       total 68608K, used 8392K [0x00000000c0000000, 0x00000000c4300000, 0x00000000eab00000)
  object space 68608K, 12% used [0x00000000c0000000,0x00000000c0832350,0x00000000c4300000)
 Metaspace       used 35177K, committed 35840K, reserved 1114112K
  class space    used 3565K, committed 3840K, reserved 1048576K
}
Event: 5.784 GC heap after
{Heap after GC invocations=10 (full 2):
 PSYoungGen      total 27136K, used 0K [0x00000000eab00000, 0x00000000ec980000, 0x0000000100000000)
  eden space 24064K, 0% used [0x00000000eab00000,0x00000000eab00000,0x00000000ec280000)
  from space 3072K, 0% used [0x00000000ec680000,0x00000000ec680000,0x00000000ec980000)
  to   space 3072K, 0% used [0x00000000ec380000,0x00000000ec380000,0x00000000ec680000)
 ParOldGen       total 68608K, used 10999K [0x00000000c0000000, 0x00000000c4300000, 0x00000000eab00000)
  object space 68608K, 16% used [0x00000000c0000000,0x00000000c0abdd38,0x00000000c4300000)
 Metaspace       used 35177K, committed 35840K, reserved 1114112K
  class space    used 3565K, committed 3840K, reserved 1048576K
}

Dll operation events (10 events):
Event: 0.079 Loaded shared library c:\Users\msuwone\.vscode\extensions\redhat.java-1.24.0-win32-x64\jre\17.0.8.1-win32-x86_64\bin\java.dll
Event: 0.413 Loaded shared library c:\Users\msuwone\.vscode\extensions\redhat.java-1.24.0-win32-x64\jre\17.0.8.1-win32-x86_64\bin\zip.dll
Event: 0.421 Loaded shared library C:\Users\msuwone\.vscode\extensions\redhat.java-1.24.0-win32-x64\jre\17.0.8.1-win32-x86_64\bin\instrument.dll
Event: 0.445 Loaded shared library C:\Users\msuwone\.vscode\extensions\redhat.java-1.24.0-win32-x64\jre\17.0.8.1-win32-x86_64\bin\net.dll
Event: 0.449 Loaded shared library C:\Users\msuwone\.vscode\extensions\redhat.java-1.24.0-win32-x64\jre\17.0.8.1-win32-x86_64\bin\nio.dll
Event: 0.461 Loaded shared library C:\Users\msuwone\.vscode\extensions\redhat.java-1.24.0-win32-x64\jre\17.0.8.1-win32-x86_64\bin\zip.dll
Event: 0.487 Loaded shared library C:\Users\msuwone\.vscode\extensions\redhat.java-1.24.0-win32-x64\jre\17.0.8.1-win32-x86_64\bin\jimage.dll
Event: 0.582 Loaded shared library c:\Users\msuwone\.vscode\extensions\redhat.java-1.24.0-win32-x64\jre\17.0.8.1-win32-x86_64\bin\verify.dll
Event: 1.998 Loaded shared library C:\Users\msuwone\AppData\Roaming\Code\User\globalStorage\redhat.java\1.24.0\config_ss_win\org.eclipse.equinox.launcher\org.eclipse.equinox.launcher.win32.win32.x86_64_1.2.700.v20221108-1024\eclipse_11801.dll
Event: 5.041 Loaded shared library C:\Users\msuwone\AppData\Local\Temp\jna-1357713054\jna12836548074932997543.dll

Deoptimization events (20 events):
Event: 6.132 Thread 0x000001e31a79dda0 Uncommon trap: trap_request=0xffffffc6 fr.pc=0x000001e30a800ab8 relative=0x0000000000000658
Event: 6.132 Thread 0x000001e31a79dda0 Uncommon trap: reason=bimorphic_or_optimized_type_check action=maybe_recompile pc=0x000001e30a800ab8 method=jdk.internal.jimage.ImageReader$SharedImageReader.findNode(Ljava/lang/String;)Ljdk/internal/jimage/ImageReader$Node; @ 22 c2
Event: 6.132 Thread 0x000001e31a79dda0 DEOPT PACKING pc=0x000001e30a800ab8 sp=0x0000000f6e0fd920
Event: 6.132 Thread 0x000001e31a79dda0 DEOPT UNPACKING pc=0x000001e30a1466a3 sp=0x0000000f6e0fd938 mode 2
Event: 6.132 Thread 0x000001e31a79dda0 Uncommon trap: trap_request=0xffffffc6 fr.pc=0x000001e30a800ab8 relative=0x0000000000000658
Event: 6.132 Thread 0x000001e31a79dda0 Uncommon trap: reason=bimorphic_or_optimized_type_check action=maybe_recompile pc=0x000001e30a800ab8 method=jdk.internal.jimage.ImageReader$SharedImageReader.findNode(Ljava/lang/String;)Ljdk/internal/jimage/ImageReader$Node; @ 22 c2
Event: 6.132 Thread 0x000001e31a79dda0 DEOPT PACKING pc=0x000001e30a800ab8 sp=0x0000000f6e0fd920
Event: 6.132 Thread 0x000001e31a79dda0 DEOPT UNPACKING pc=0x000001e30a1466a3 sp=0x0000000f6e0fd938 mode 2
Event: 6.132 Thread 0x000001e31a79dda0 Uncommon trap: trap_request=0xffffffc6 fr.pc=0x000001e30a800ab8 relative=0x0000000000000658
Event: 6.132 Thread 0x000001e31a79dda0 Uncommon trap: reason=bimorphic_or_optimized_type_check action=maybe_recompile pc=0x000001e30a800ab8 method=jdk.internal.jimage.ImageReader$SharedImageReader.findNode(Ljava/lang/String;)Ljdk/internal/jimage/ImageReader$Node; @ 22 c2
Event: 6.132 Thread 0x000001e31a79dda0 DEOPT PACKING pc=0x000001e30a800ab8 sp=0x0000000f6e0fd920
Event: 6.132 Thread 0x000001e31a79dda0 DEOPT UNPACKING pc=0x000001e30a1466a3 sp=0x0000000f6e0fd938 mode 2
Event: 6.132 Thread 0x000001e31a79dda0 Uncommon trap: trap_request=0xffffffc6 fr.pc=0x000001e30a800ab8 relative=0x0000000000000658
Event: 6.132 Thread 0x000001e31a79dda0 Uncommon trap: reason=bimorphic_or_optimized_type_check action=maybe_recompile pc=0x000001e30a800ab8 method=jdk.internal.jimage.ImageReader$SharedImageReader.findNode(Ljava/lang/String;)Ljdk/internal/jimage/ImageReader$Node; @ 22 c2
Event: 6.132 Thread 0x000001e31a79dda0 DEOPT PACKING pc=0x000001e30a800ab8 sp=0x0000000f6e0fd920
Event: 6.132 Thread 0x000001e31a79dda0 DEOPT UNPACKING pc=0x000001e30a1466a3 sp=0x0000000f6e0fd938 mode 2
Event: 6.142 Thread 0x000001e31a79dda0 Uncommon trap: trap_request=0xffffff45 fr.pc=0x000001e30a808e1c relative=0x000000000000055c
Event: 6.142 Thread 0x000001e31a79dda0 Uncommon trap: reason=unstable_if action=reinterpret pc=0x000001e30a808e1c method=java.util.HashMap.getNode(Ljava/lang/Object;)Ljava/util/HashMap$Node; @ 131 c2
Event: 6.142 Thread 0x000001e31a79dda0 DEOPT PACKING pc=0x000001e30a808e1c sp=0x0000000f6e0fdef0
Event: 6.142 Thread 0x000001e31a79dda0 DEOPT UNPACKING pc=0x000001e30a1466a3 sp=0x0000000f6e0fde70 mode 2

Classes unloaded (7 events):
Event: 3.257 Thread 0x000001e318bf14b0 Unloading class 0x000000010021e000 'java/lang/invoke/LambdaForm$MH+0x000000010021e000'
Event: 3.257 Thread 0x000001e318bf14b0 Unloading class 0x000000010021dc00 'java/lang/invoke/LambdaForm$MH+0x000000010021dc00'
Event: 3.257 Thread 0x000001e318bf14b0 Unloading class 0x000000010021d800 'java/lang/invoke/LambdaForm$MH+0x000000010021d800'
Event: 3.257 Thread 0x000001e318bf14b0 Unloading class 0x000000010021d400 'java/lang/invoke/LambdaForm$MH+0x000000010021d400'
Event: 3.257 Thread 0x000001e318bf14b0 Unloading class 0x000000010021d000 'java/lang/invoke/LambdaForm$BMH+0x000000010021d000'
Event: 3.257 Thread 0x000001e318bf14b0 Unloading class 0x000000010021cc00 'java/lang/invoke/LambdaForm$DMH+0x000000010021cc00'
Event: 3.257 Thread 0x000001e318bf14b0 Unloading class 0x000000010021a000 'java/lang/invoke/LambdaForm$DMH+0x000000010021a000'

Classes redefined (0 events):
No events

Internal exceptions (20 events):
Event: 4.719 Thread 0x000001e31a8147a0 Exception <a 'java/lang/NoSuchMethodError'{0x00000000eac1ec90}: 'java.lang.Object java.lang.invoke.DirectMethodHandle$Holder.invokeStaticInit(java.lang.Object, java.lang.Object, int, int, int, int)'> (0x00000000eac1ec90) 
thrown [s\src\hotspot\share\interpreter\linkResolver.cpp, line 759]
Event: 4.752 Thread 0x000001e31a8147a0 Exception <a 'sun/nio/fs/WindowsException'{0x00000000eadc81d0}> (0x00000000eadc81d0) 
thrown [s\src\hotspot\share\prims\jni.cpp, line 516]
Event: 4.841 Thread 0x000001e31a8147a0 Exception <a 'java/lang/ClassNotFoundException'{0x00000000eb4bacc8}: com/sun/org/apache/xml/internal/serializer/spi/XMLEntitiesProvider> (0x00000000eb4bacc8) 
thrown [s\src\hotspot\share\classfile\systemDictionary.cpp, line 256]
Event: 4.984 Thread 0x000001e31a8147a0 Exception <a 'java/io/FileNotFoundException'{0x00000000ebaaaf98}> (0x00000000ebaaaf98) 
thrown [s\src\hotspot\share\prims\jni.cpp, line 516]
Event: 5.084 Thread 0x000001e31a8147a0 Exception <a 'java/lang/UnsatisfiedLinkError'{0x00000000ebe26dd8}: The specified procedure could not be found.
> (0x00000000ebe26dd8) 
thrown [s\src\hotspot\share\prims\jni.cpp, line 535]
Event: 5.095 Thread 0x000001e31a8147a0 Exception <a 'java/io/FileNotFoundException'{0x00000000ebe4a088}> (0x00000000ebe4a088) 
thrown [s\src\hotspot\share\prims\jni.cpp, line 516]
Event: 5.171 Thread 0x000001e31a8147a0 Exception <a 'java/io/FileNotFoundException'{0x00000000ebebd610}> (0x00000000ebebd610) 
thrown [s\src\hotspot\share\prims\jni.cpp, line 516]
Event: 5.190 Thread 0x000001e31a8147a0 Exception <a 'java/lang/UnsatisfiedLinkError'{0x00000000ebf49918}: The specified procedure could not be found.
> (0x00000000ebf49918) 
thrown [s\src\hotspot\share\prims\jni.cpp, line 535]
Event: 5.259 Thread 0x000001e37f8da1a0 Exception <a 'java/lang/NoSuchMethodError'{0x00000000ec10f1d8}: 'java.lang.Object java.lang.invoke.DirectMethodHandle$Holder.invokeStatic(java.lang.Object, java.lang.Object, long, java.lang.Object)'> (0x00000000ec10f1d8) 
thrown [s\src\hotspot\share\interpreter\linkResolver.cpp, line 759]
Event: 5.259 Thread 0x000001e37f8da1a0 Exception <a 'java/lang/NoSuchMethodError'{0x00000000ec112f10}: 'java.lang.Object java.lang.invoke.DirectMethodHandle$Holder.invokeStaticInit(java.lang.Object, java.lang.Object, long, java.lang.Object)'> (0x00000000ec112f10) 
thrown [s\src\hotspot\share\interpreter\linkResolver.cpp, line 759]
Event: 5.260 Thread 0x000001e37f8da1a0 Exception <a 'java/lang/NoSuchMethodError'{0x00000000ec119520}: 'java.lang.Object java.lang.invoke.DirectMethodHandle$Holder.newInvokeSpecial(java.lang.Object, java.lang.Object, long)'> (0x00000000ec119520) 
thrown [s\src\hotspot\share\interpreter\linkResolver.cpp, line 759]
Event: 5.338 Thread 0x000001e37f8da1a0 Exception <a 'java/lang/NoSuchMethodError'{0x00000000ec2cfb18}: 'void java.lang.invoke.DirectMethodHandle$Holder.invokeStatic(java.lang.Object, java.lang.Object, java.lang.Object, java.lang.Object)'> (0x00000000ec2cfb18) 
thrown [s\src\hotspot\share\interpreter\linkResolver.cpp, line 759]
Event: 5.559 Thread 0x000001e37f8da1a0 Exception <a 'java/lang/NoSuchMethodError'{0x00000000eb2e6530}: 'void java.lang.invoke.DirectMethodHandle$Holder.invokeSpecial(java.lang.Object, java.lang.Object, java.lang.Object, java.lang.Object, java.lang.Object, java.lang.Object)'> (0x00000000eb2e6530) 
thrown [s\src\hotspot\share\interpreter\linkResolver.cpp, line 759]
Event: 5.561 Thread 0x000001e37f8da1a0 Exception <a 'java/lang/IncompatibleClassChangeError'{0x00000000eb2efde0}: Found class java.lang.Object, but interface was expected> (0x00000000eb2efde0) 
thrown [s\src\hotspot\share\interpreter\linkResolver.cpp, line 826]
Event: 5.697 Thread 0x000001e31a79d380 Exception <a 'java/io/FileNotFoundException'{0x00000000eb8ddc80}> (0x00000000eb8ddc80) 
thrown [s\src\hotspot\share\prims\jni.cpp, line 516]
Event: 5.725 Thread 0x000001e31a79d380 Exception <a 'sun/nio/fs/WindowsException'{0x00000000eba8de40}> (0x00000000eba8de40) 
thrown [s\src\hotspot\share\prims\jni.cpp, line 516]
Event: 5.728 Thread 0x000001e31a79d890 Exception <a 'java/io/FileNotFoundException'{0x00000000ebab78e0}> (0x00000000ebab78e0) 
thrown [s\src\hotspot\share\prims\jni.cpp, line 516]
Event: 5.728 Thread 0x000001e31a79d890 Exception <a 'java/io/FileNotFoundException'{0x00000000ebab88f0}> (0x00000000ebab88f0) 
thrown [s\src\hotspot\share\prims\jni.cpp, line 516]
Event: 5.809 Thread 0x000001e31a79d380 Exception <a 'java/lang/NoSuchMethodError'{0x00000000ead32840}: 'int java.lang.invoke.DirectMethodHandle$Holder.invokeVirtual(java.lang.Object, java.lang.Object)'> (0x00000000ead32840) 
thrown [s\src\hotspot\share\interpreter\linkResolver.cpp, line 759]
Event: 5.811 Thread 0x000001e31a79dda0 Exception <a 'java/lang/NoSuchMethodError'{0x00000000ead98b78}: 'java.lang.Object java.lang.invoke.Invokers$Holder.invoke_MT(java.lang.Object, java.lang.Object, java.lang.Object)'> (0x00000000ead98b78) 
thrown [s\src\hotspot\share\interpreter\linkResolver.cpp, line 759]

VM Operations (20 events):
Event: 5.210 Executing VM operation: HandshakeAllThreads
Event: 5.210 Executing VM operation: HandshakeAllThreads done
Event: 5.342 Executing VM operation: ParallelGCFailedAllocation
Event: 5.345 Executing VM operation: ParallelGCFailedAllocation done
Event: 5.598 Executing VM operation: HandshakeAllThreads
Event: 5.598 Executing VM operation: HandshakeAllThreads done
Event: 5.690 Executing VM operation: HandshakeAllThreads
Event: 5.690 Executing VM operation: HandshakeAllThreads done
Event: 5.759 Executing VM operation: CollectForMetadataAllocation
Event: 5.784 Executing VM operation: CollectForMetadataAllocation done
Event: 5.791 Executing VM operation: HandshakeAllThreads
Event: 5.791 Executing VM operation: HandshakeAllThreads done
Event: 5.824 Executing VM operation: HandshakeAllThreads
Event: 5.824 Executing VM operation: HandshakeAllThreads done
Event: 5.824 Executing VM operation: HandshakeAllThreads
Event: 5.824 Executing VM operation: HandshakeAllThreads done
Event: 6.120 Executing VM operation: HandshakeAllThreads
Event: 6.120 Executing VM operation: HandshakeAllThreads done
Event: 6.147 Executing VM operation: ICBufferFull
Event: 6.147 Executing VM operation: ICBufferFull done

Events (20 events):
Event: 5.870 loading class java/nio/file/FileTreeWalker$DirectoryNode
Event: 5.870 loading class java/nio/file/FileTreeWalker$DirectoryNode done
Event: 5.870 loading class java/nio/file/FileTreeWalker$Event
Event: 5.870 loading class java/nio/file/FileTreeWalker$Event done
Event: 5.870 loading class java/nio/file/FileTreeWalker$EventType
Event: 5.871 loading class java/nio/file/FileTreeWalker$EventType done
Event: 5.871 loading class java/nio/file/Files$3
Event: 5.871 loading class java/nio/file/Files$3 done
Event: 5.871 loading class java/nio/file/FileVisitResult
Event: 5.871 loading class java/nio/file/FileVisitResult done
Event: 5.936 loading class java/util/regex/Pattern$BackRef
Event: 5.936 loading class java/util/regex/Pattern$BackRef done
Event: 5.949 loading class java/lang/ThreadLocal$SuppliedThreadLocal
Event: 5.949 loading class java/lang/ThreadLocal$SuppliedThreadLocal done
Event: 6.070 loading class java/nio/channels/Channels$ReadableByteChannelImpl
Event: 6.071 loading class java/nio/channels/Channels$ReadableByteChannelImpl done
Event: 6.072 loading class java/nio/channels/NonWritableChannelException
Event: 6.072 loading class java/nio/channels/NonWritableChannelException done
Event: 6.072 loading class sun/nio/ch/ChannelInputStream
Event: 6.075 loading class sun/nio/ch/ChannelInputStream done


Dynamic libraries:
0x00007ff6204f0000 - 0x00007ff6204fe000 	c:\Users\msuwone\.vscode\extensions\redhat.java-1.24.0-win32-x64\jre\17.0.8.1-win32-x86_64\bin\java.exe
0x00007ffe738f0000 - 0x00007ffe73b07000 	C:\WINDOWS\SYSTEM32\ntdll.dll
0x00007ffe71d30000 - 0x00007ffe71df4000 	C:\WINDOWS\System32\KERNEL32.DLL
0x00007ffe70da0000 - 0x00007ffe71146000 	C:\WINDOWS\System32\KERNELBASE.dll
0x00007ffe71150000 - 0x00007ffe71261000 	C:\WINDOWS\System32\ucrtbase.dll
0x00007ffe58be0000 - 0x00007ffe58bf7000 	c:\Users\msuwone\.vscode\extensions\redhat.java-1.24.0-win32-x64\jre\17.0.8.1-win32-x86_64\bin\jli.dll
0x00007ffe58a70000 - 0x00007ffe58a89000 	c:\Users\msuwone\.vscode\extensions\redhat.java-1.24.0-win32-x64\jre\17.0.8.1-win32-x86_64\bin\VCRUNTIME140.dll
0x00007ffe734c0000 - 0x00007ffe7366d000 	C:\WINDOWS\System32\USER32.dll
0x00007ffe71620000 - 0x00007ffe71646000 	C:\WINDOWS\System32\win32u.dll
0x00007ffe5a6a0000 - 0x00007ffe5a933000 	C:\WINDOWS\WinSxS\amd64_microsoft.windows.common-controls_6595b64144ccf1df_6.0.22621.2361_none_2712ced57382f843\COMCTL32.dll
0x00007ffe716a0000 - 0x00007ffe716c9000 	C:\WINDOWS\System32\GDI32.dll
0x00007ffe71e00000 - 0x00007ffe71ea7000 	C:\WINDOWS\System32\msvcrt.dll
0x00007ffe71310000 - 0x00007ffe71428000 	C:\WINDOWS\System32\gdi32full.dll
0x00007ffe71270000 - 0x00007ffe7130a000 	C:\WINDOWS\System32\msvcp_win.dll
0x00007ffe73870000 - 0x00007ffe738a1000 	C:\WINDOWS\System32\IMM32.DLL
0x00007ffe6ba80000 - 0x00007ffe6ba8c000 	c:\Users\msuwone\.vscode\extensions\redhat.java-1.24.0-win32-x64\jre\17.0.8.1-win32-x86_64\bin\vcruntime140_1.dll
0x00007ffe550c0000 - 0x00007ffe55151000 	c:\Users\msuwone\.vscode\extensions\redhat.java-1.24.0-win32-x64\jre\17.0.8.1-win32-x86_64\bin\msvcp140.dll
0x00007ffe1c340000 - 0x00007ffe1cf8c000 	c:\Users\msuwone\.vscode\extensions\redhat.java-1.24.0-win32-x64\jre\17.0.8.1-win32-x86_64\bin\server\jvm.dll
0x00007ffe72d30000 - 0x00007ffe72de0000 	C:\WINDOWS\System32\ADVAPI32.dll
0x00007ffe72de0000 - 0x00007ffe72e86000 	C:\WINDOWS\System32\sechost.dll
0x00007ffe72f10000 - 0x00007ffe73027000 	C:\WINDOWS\System32\RPCRT4.dll
0x00007ffe70990000 - 0x00007ffe709dd000 	C:\WINDOWS\SYSTEM32\POWRPROF.dll
0x00007ffe68360000 - 0x00007ffe68394000 	C:\WINDOWS\SYSTEM32\WINMM.dll
0x00007ffe61800000 - 0x00007ffe6180a000 	C:\WINDOWS\SYSTEM32\VERSION.dll
0x00007ffe59010000 - 0x00007ffe59019000 	C:\WINDOWS\SYSTEM32\WSOCK32.dll
0x00007ffe71cb0000 - 0x00007ffe71d21000 	C:\WINDOWS\System32\WS2_32.dll
0x00007ffe70970000 - 0x00007ffe70983000 	C:\WINDOWS\SYSTEM32\UMPDC.dll
0x00007ffe6fc10000 - 0x00007ffe6fc28000 	C:\WINDOWS\SYSTEM32\kernel.appcore.dll
0x00007ffe58f10000 - 0x00007ffe58f1a000 	c:\Users\msuwone\.vscode\extensions\redhat.java-1.24.0-win32-x64\jre\17.0.8.1-win32-x86_64\bin\jimage.dll
0x00007ffe62870000 - 0x00007ffe62a9e000 	C:\WINDOWS\SYSTEM32\DBGHELP.DLL
0x00007ffe72990000 - 0x00007ffe72d1a000 	C:\WINDOWS\System32\combase.dll
0x00007ffe71750000 - 0x00007ffe71827000 	C:\WINDOWS\System32\OLEAUT32.dll
0x00007ffe5d890000 - 0x00007ffe5d8c2000 	C:\WINDOWS\SYSTEM32\dbgcore.DLL
0x00007ffe71430000 - 0x00007ffe714aa000 	C:\WINDOWS\System32\bcryptPrimitives.dll
0x00007ffe58a60000 - 0x00007ffe58a6e000 	c:\Users\msuwone\.vscode\extensions\redhat.java-1.24.0-win32-x64\jre\17.0.8.1-win32-x86_64\bin\instrument.dll
0x00007ffe54d10000 - 0x00007ffe54d35000 	c:\Users\msuwone\.vscode\extensions\redhat.java-1.24.0-win32-x64\jre\17.0.8.1-win32-x86_64\bin\java.dll
0x00007ffe54cf0000 - 0x00007ffe54d08000 	c:\Users\msuwone\.vscode\extensions\redhat.java-1.24.0-win32-x64\jre\17.0.8.1-win32-x86_64\bin\zip.dll
0x00007ffe720b0000 - 0x00007ffe72908000 	C:\WINDOWS\System32\SHELL32.dll
0x00007ffe6eb80000 - 0x00007ffe6f472000 	C:\WINDOWS\SYSTEM32\windows.storage.dll
0x00007ffe6ea40000 - 0x00007ffe6eb7e000 	C:\WINDOWS\SYSTEM32\wintypes.dll
0x00007ffe73670000 - 0x00007ffe73763000 	C:\WINDOWS\System32\SHCORE.dll
0x00007ffe72eb0000 - 0x00007ffe72f0e000 	C:\WINDOWS\System32\shlwapi.dll
0x00007ffe70ba0000 - 0x00007ffe70bc6000 	C:\WINDOWS\SYSTEM32\profapi.dll
0x00007ffe54cd0000 - 0x00007ffe54ce9000 	C:\Users\msuwone\.vscode\extensions\redhat.java-1.24.0-win32-x64\jre\17.0.8.1-win32-x86_64\bin\net.dll
0x00007ffe6ac00000 - 0x00007ffe6ad37000 	C:\WINDOWS\SYSTEM32\WINHTTP.dll
0x00007ffe700e0000 - 0x00007ffe70149000 	C:\WINDOWS\system32\mswsock.dll
0x00007ffe54cb0000 - 0x00007ffe54cc5000 	C:\Users\msuwone\.vscode\extensions\redhat.java-1.24.0-win32-x64\jre\17.0.8.1-win32-x86_64\bin\nio.dll
0x00007ffe56bf0000 - 0x00007ffe56c00000 	c:\Users\msuwone\.vscode\extensions\redhat.java-1.24.0-win32-x64\jre\17.0.8.1-win32-x86_64\bin\verify.dll
0x00007ffe542c0000 - 0x00007ffe542fe000 	C:\Users\msuwone\AppData\Roaming\Code\User\globalStorage\redhat.java\1.24.0\config_ss_win\org.eclipse.equinox.launcher\org.eclipse.equinox.launcher.win32.win32.x86_64_1.2.700.v20221108-1024\eclipse_11801.dll
0x00007ffe71f10000 - 0x00007ffe720af000 	C:\WINDOWS\System32\ole32.dll
0x00007ffe70400000 - 0x00007ffe7041b000 	C:\WINDOWS\SYSTEM32\CRYPTSP.dll
0x00007ffe6fbd0000 - 0x00007ffe6fc05000 	C:\WINDOWS\system32\rsaenh.dll
0x00007ffe70180000 - 0x00007ffe701ac000 	C:\WINDOWS\SYSTEM32\USERENV.dll
0x00007ffe70580000 - 0x00007ffe705a8000 	C:\WINDOWS\SYSTEM32\bcrypt.dll
0x00007ffe703e0000 - 0x00007ffe703ec000 	C:\WINDOWS\SYSTEM32\CRYPTBASE.dll
0x00007ffe6f6e0000 - 0x00007ffe6f70d000 	C:\WINDOWS\SYSTEM32\IPHLPAPI.DLL
0x00007ffe734b0000 - 0x00007ffe734b9000 	C:\WINDOWS\System32\NSI.dll
0x00007ffe686d0000 - 0x00007ffe686e9000 	C:\WINDOWS\SYSTEM32\dhcpcsvc6.DLL
0x00007ffe68620000 - 0x00007ffe6863f000 	C:\WINDOWS\SYSTEM32\dhcpcsvc.DLL
0x00007ffe6f710000 - 0x00007ffe6f809000 	C:\WINDOWS\SYSTEM32\DNSAPI.dll
0x00007ffe54f00000 - 0x00007ffe54f45000 	C:\Users\msuwone\AppData\Local\Temp\jna-1357713054\jna12836548074932997543.dll
0x00007ffe71830000 - 0x00007ffe71838000 	C:\WINDOWS\System32\PSAPI.DLL

dbghelp: loaded successfully - version: 4.0.5 - missing functions: none
symbol engine: initialized successfully - sym options: 0x614 - pdb path: .;c:\Users\msuwone\.vscode\extensions\redhat.java-1.24.0-win32-x64\jre\17.0.8.1-win32-x86_64\bin;C:\WINDOWS\SYSTEM32;C:\WINDOWS\WinSxS\amd64_microsoft.windows.common-controls_6595b64144ccf1df_6.0.22621.2361_none_2712ced57382f843;c:\Users\msuwone\.vscode\extensions\redhat.java-1.24.0-win32-x64\jre\17.0.8.1-win32-x86_64\bin\server;C:\Users\msuwone\AppData\Roaming\Code\User\globalStorage\redhat.java\1.24.0\config_ss_win\org.eclipse.equinox.launcher\org.eclipse.equinox.launcher.win32.win32.x86_64_1.2.700.v20221108-1024;C:\Users\msuwone\AppData\Local\Temp\jna-1357713054

VM Arguments:
jvm_args: --add-modules=ALL-SYSTEM --add-opens=java.base/java.util=ALL-UNNAMED --add-opens=java.base/java.lang=ALL-UNNAMED --add-opens=java.base/sun.nio.fs=ALL-UNNAMED -Declipse.application=org.eclipse.jdt.ls.core.id1 -Dosgi.bundles.defaultStartLevel=4 -Declipse.product=org.eclipse.jdt.ls.core.product -Djava.import.generatesMetadataFilesAtProjectRoot=false -DDetectVMInstallationsJob.disabled=true -Dfile.encoding=utf8 -XX:+UseParallelGC -XX:GCTimeRatio=4 -XX:AdaptiveSizePolicyWeight=90 -Dsun.zip.disableMemoryMapping=true -Xmx1G -Xms100m -Xlog:disable -javaagent:c:\Users\msuwone\.vscode\extensions\redhat.java-1.24.0-win32-x64\lombok\lombok-1.18.30.jar 
java_command: c:\Users\msuwone\.vscode\extensions\redhat.java-1.24.0-win32-x64\server\plugins\org.eclipse.equinox.launcher_1.6.500.v20230717-2134.jar -configuration c:\Users\msuwone\AppData\Roaming\Code\User\globalStorage\redhat.java\1.24.0\config_ss_win -data c:\Users\msuwone\AppData\Roaming\Code\User\workspaceStorage\ce6d7336b18b35ef4157fc245e235040\redhat.java\ss_ws --stdio
java_class_path (initial): c:\Users\msuwone\.vscode\extensions\redhat.java-1.24.0-win32-x64\server\plugins\org.eclipse.equinox.launcher_1.6.500.v20230717-2134.jar
Launcher Type: SUN_STANDARD

[Global flags]
    uintx AdaptiveSizePolicyWeight                 = 90                                        {product} {command line}
     intx CICompilerCount                          = 4                                         {product} {ergonomic}
    uintx GCTimeRatio                              = 4                                         {product} {command line}
   size_t InitialHeapSize                          = 104857600                                 {product} {command line}
   size_t MaxHeapSize                              = 1073741824                                {product} {command line}
   size_t MaxNewSize                               = 357564416                                 {product} {ergonomic}
   size_t MinHeapDeltaBytes                        = 524288                                    {product} {ergonomic}
   size_t MinHeapSize                              = 104857600                                 {product} {command line}
   size_t NewSize                                  = 34603008                                  {product} {ergonomic}
    uintx NonNMethodCodeHeapSize                   = 5839372                                {pd product} {ergonomic}
    uintx NonProfiledCodeHeapSize                  = 122909434                              {pd product} {ergonomic}
   size_t OldSize                                  = 70254592                                  {product} {ergonomic}
    uintx ProfiledCodeHeapSize                     = 122909434                              {pd product} {ergonomic}
    uintx ReservedCodeCacheSize                    = 251658240                              {pd product} {ergonomic}
     bool SegmentedCodeCache                       = true                                      {product} {ergonomic}
   size_t SoftMaxHeapSize                          = 1073741824                             {manageable} {ergonomic}
     bool UseCompressedClassPointers               = true                           {product lp64_product} {ergonomic}
     bool UseCompressedOops                        = true                           {product lp64_product} {ergonomic}
     bool UseLargePagesIndividualAllocation        = false                                  {pd product} {ergonomic}
     bool UseParallelGC                            = true                                      {product} {command line}

Logging:
Log output configuration:
 #0: stdout all=off uptime,level,tags
 #1: stderr all=off uptime,level,tags

Environment Variables:
PATH=C:\Program Files (x86)\Common Files\Oracle\Java\javapath;C:\Program Files\Microsoft\jdk-11.0.12.7-hotspot\bin;C:\Windows\system32;C:\Windows;C:\Windows\System32\Wbem;C:\Windows\System32\WindowsPowerShell\v1.0\;C:\Windows\System32\OpenSSH\;C:\Program Files\dotnet\;C:\WINDOWS\system32;C:\WINDOWS;C:\WINDOWS\System32\Wbem;C:\WINDOWS\System32\WindowsPowerShell\v1.0\;C:\WINDOWS\System32\OpenSSH\;C:\MinGW\bin;C:\Program Files\Git\cmd;C:\Users\msuwone\AppData\Local\Microsoft\WindowsApps;C:\Users\msuwone\.dotnet\tools;C:\Users\msuwone\AppData\Local\Programs\Microsoft VS Code\bin;C:\MinGW\bin;
USERNAME=msuwone
OS=Windows_NT
PROCESSOR_IDENTIFIER=Intel64 Family 6 Model 142 Stepping 12, GenuineIntel
TMP=C:\Users\msuwone\AppData\Local\Temp
TEMP=C:\Users\msuwone\AppData\Local\Temp



---------------  S Y S T E M  ---------------

OS:
 Windows 11 , 64 bit Build 22621 (10.0.22621.2428)
OS uptime: 0 days 18:15 hours
Hyper-V role detected

CPU: total 8 (initial active 8) (4 cores per cpu, 2 threads per core) family 6 model 142 stepping 12 microcode 0xf8, cx8, cmov, fxsr, ht, mmx, 3dnowpref, sse, sse2, sse3, ssse3, sse4.1, sse4.2, popcnt, lzcnt, tsc, tscinvbit, avx, avx2, aes, erms, clmul, bmi1, bmi2, adx, fma, vzeroupper, clflush, clflushopt, hv
Processor Information for all 8 processors :
  Max Mhz: 2112, Current Mhz: 1609, Mhz Limit: 1605

Memory: 4k page, system-wide physical 7952M (1281M free)
TotalPageFile size 15492M (AvailPageFile size 5M)
current process WorkingSet (physical memory assigned to process): 150M, peak: 153M
current process commit charge ("private bytes"): 249M, peak: 252M

vm_info: OpenJDK 64-Bit Server VM (17.0.8.1+1) for windows-amd64 JRE (17.0.8.1+1), built on Aug 23 2023 15:29:17 by "admin" with MS VC++ 16.7 (VS2019)

END.
